<?xml version="1.0" encoding="UTF-8"?>
<testsuite xmlns:xsi="http://www.w3.org/2001/XMLSchema-instance" xsi:noNamespaceSchemaLocation="https://maven.apache.org/surefire/maven-surefire-plugin/xsd/surefire-test-report-3.0.xsd" version="3.0" name="com.example.library.repository.BookRepositoryTest" time="2.119" tests="1" errors="0" skipped="0" failures="0">
  <properties>
[...]
</properties>
  <testcase name="testFindBooksByAuthorLastName" classname="com.example.library.repository.BookRepositoryTest" time="0.374">
    <system-out><![CDATA[14:58:29.698 [main] INFO org.springframework.test.context.support.AnnotationConfigContextLoaderUtils -- Could not detect default configuration classes for test class [com.example.library.repository.BookRepositoryTest]: BookRepositoryTest does not declare any static, non-private, non-final, nested classes annotated with @Configuration.
14:58:29.762 [main] INFO org.springframework.boot.test.context.SpringBootTestContextBootstrapper -- Found @SpringBootConfiguration com.example.library.LibraryApplication for test class com.example.library.repository.BookRepositoryTest

  .   ____          _            __ _ _
 /\\ / ___'_ __ _ _(_)_ __  __ _ \ \ \ \
( ( )\___ | '_ | '_| | '_ \/ _` | \ \ \ \
 \\/  ___)| |_)| | | | | || (_| |  ) ) ) )
  '  |____| .__|_| |_|_| |_\__, | / / / /
 =========|_|==============|___/=/_/_/_/

 :: Spring Boot ::                (v3.3.4)

2025-11-15T14:58:29.921+09:00  INFO 30884 --- [           main] c.e.l.repository.BookRepositoryTest      : Starting BookRepositoryTest using Java 23.0.2 with PID 30884 (started by shoryu in /Users/shoryu/Downloads/library-math-project)
2025-11-15T14:58:29.922+09:00  INFO 30884 --- [           main] c.e.l.repository.BookRepositoryTest      : No active profile set, falling back to 1 default profile: "default"
2025-11-15T14:58:30.079+09:00  INFO 30884 --- [           main] .s.d.r.c.RepositoryConfigurationDelegate : Bootstrapping Spring Data JPA repositories in DEFAULT mode.
2025-11-15T14:58:30.104+09:00  INFO 30884 --- [           main] .s.d.r.c.RepositoryConfigurationDelegate : Finished Spring Data repository scanning in 21 ms. Found 2 JPA repository interfaces.
2025-11-15T14:58:30.128+09:00  INFO 30884 --- [           main] beddedDataSourceBeanFactoryPostProcessor : Replacing 'dataSource' DataSource bean with embedded version
2025-11-15T14:58:30.195+09:00  INFO 30884 --- [           main] o.s.j.d.e.EmbeddedDatabaseFactory        : Starting embedded database: url='jdbc:h2:mem:ba35f4d6-646f-43c0-a162-6d830de89255;DB_CLOSE_DELAY=-1;DB_CLOSE_ON_EXIT=false', username='sa'
2025-11-15T14:58:30.319+09:00  INFO 30884 --- [           main] o.hibernate.jpa.internal.util.LogHelper  : HHH000204: Processing PersistenceUnitInfo [name: default]
2025-11-15T14:58:30.348+09:00  INFO 30884 --- [           main] org.hibernate.Version                    : HHH000412: Hibernate ORM core version 6.5.3.Final
2025-11-15T14:58:30.363+09:00  INFO 30884 --- [           main] o.h.c.internal.RegionFactoryInitiator    : HHH000026: Second-level cache disabled
2025-11-15T14:58:30.501+09:00  INFO 30884 --- [           main] o.s.o.j.p.SpringPersistenceUnitInfo      : No LoadTimeWeaver setup: ignoring JPA class transformer
2025-11-15T14:58:30.916+09:00  INFO 30884 --- [           main] o.h.e.t.j.p.i.JtaPlatformInitiator       : HHH000489: No JTA platform available (set 'hibernate.transaction.jta.platform' to enable JTA platform integration)
Hibernate: create table authors (id bigint generated by default as identity, email varchar(150) not null, first_name varchar(100) not null, last_name varchar(100) not null, primary key (id))
Hibernate: create table books (id bigint generated by default as identity, isbn varchar(20) not null, price numeric(10,2), published_year integer, title varchar(200) not null, author_id bigint not null, primary key (id))
Hibernate: alter table if exists authors drop constraint if exists UKjmhavkj33euq43uhnucw7l5he
Hibernate: alter table if exists authors add constraint UKjmhavkj33euq43uhnucw7l5he unique (email)
Hibernate: alter table if exists books drop constraint if exists UKkibbepcitr0a3cpk3rfr7nihn
Hibernate: alter table if exists books add constraint UKkibbepcitr0a3cpk3rfr7nihn unique (isbn)
Hibernate: alter table if exists books add constraint FKfjixh2vym2cvfj3ufxj91jem7 foreign key (author_id) references authors
2025-11-15T14:58:30.942+09:00  INFO 30884 --- [           main] j.LocalContainerEntityManagerFactoryBean : Initialized JPA EntityManagerFactory for persistence unit 'default'
2025-11-15T14:58:31.098+09:00  INFO 30884 --- [           main] o.s.d.j.r.query.QueryEnhancerFactory     : Hibernate is in classpath; If applicable, HQL parser will be used.
2025-11-15T14:58:31.355+09:00  INFO 30884 --- [           main] c.e.l.repository.BookRepositoryTest      : Started BookRepositoryTest in 1.562 seconds (process running for 1.986)
Hibernate: insert into authors (email,first_name,last_name,id) values (?,?,?,default)
Hibernate: insert into books (author_id,isbn,price,published_year,title,id) values (?,?,?,?,?,default)
Hibernate: select b1_0.id,b1_0.author_id,b1_0.isbn,b1_0.price,b1_0.published_year,b1_0.title from books b1_0 join authors a1_0 on a1_0.id=b1_0.author_id where a1_0.last_name=?
]]></system-out>
    <system-err><![CDATA[WARNING: A Java agent has been loaded dynamically (/Users/shoryu/.m2/repository/net/bytebuddy/byte-buddy-agent/1.14.19/byte-buddy-agent-1.14.19.jar)
WARNING: If a serviceability tool is in use, please run with -XX:+EnableDynamicAgentLoading to hide this warning
WARNING: If a serviceability tool is not in use, please run with -Djdk.instrument.traceUsage for more information
WARNING: Dynamic loading of agents will be disallowed by default in a future release
]]></system-err>
  </testcase>
</testsuite>